{"name": "test_create_user", "status": "broken", "statusDetails": {"message": "selenium.common.exceptions.ElementClickInterceptedException: Message: Element <button class=\"blue w-126 mr-30 ng-star-inserted\"> is not clickable at point (1491,936) because another element <div class=\"flex-1 flex flex-v-center flex-h-center\"> obscures it", "trace": "E   selenium.common.exceptions.ElementClickInterceptedException: Message: Element <button class=\"blue w-126 mr-30 ng-star-inserted\"> is not clickable at point (1491,936) because another element <div class=\"flex-1 flex flex-v-center flex-h-center\"> obscures it"}, "attachments": [{"name": "stdout", "source": "9cc6a21c-ee7b-4204-981b-b14c7a86b599-attachment.txt", "type": "text/plain"}], "start": 1622142454953, "stop": 1622142460946, "uuid": "68b23ee9-f75f-4e5e-ac9c-e1c7f75370f5", "historyId": "91b6e83d7c501a37732aa705cc6b7f7a", "testCaseId": "a02b02ad2f9b727cbdc4862382082165", "fullName": "test_page#test_create_user", "labels": [{"name": "story", "value": "Создаём тестового пользователя"}, {"name": "feature", "value": "Create User"}, {"name": "severity", "value": "critical"}, {"name": "suite", "value": "test_page"}, {"name": "host", "value": "WIN-3HDR0KGPHPI"}, {"name": "thread", "value": "5384-MainThread"}, {"name": "framework", "value": "pytest"}, {"name": "language", "value": "cpython3"}, {"name": "package", "value": "test_page"}]}